终端机在文法中未使用

    STR


语法

    0 $accept: program $end

    1 program: statement_list

    2 statement_list: statement statement_list
    3               | ε

    4 statement: variable_declaration
    5          | assignment
    6          | if_statement
    7          | loop_statement

    8 variable_declaration: VAR id_list type
    9                     | VAR id_list type ASSIGN expression

   10 id_list: ID
   11        | ID COMMA id_list

   12 type: INT
   13     | DOUBLE
   14     | STRING
   15     | BOOL
   16     | INT array_dimensions
   17     | DOUBLE array_dimensions

   18 array_dimensions: LBRACKET NUMBER RBRACKET
   19                 | LBRACKET NUMBER RBRACKET array_dimensions

   20 assignment: ID ASSIGN expression

   21 if_statement: IF LPAREN condition RPAREN LBRACE statement_list RBRACE
   22             | IF LPAREN condition RPAREN LBRACE statement_list RBRACE ELSE LBRACE statement_list RBRACE

   23 loop_statement: FOR ID COLON ID LBRACE statement_list RBRACE
   24               | WHILE LPAREN condition RPAREN LBRACE statement_list RBRACE

   25 condition: expression EQ expression
   26          | expression NE expression
   27          | expression LT expression
   28          | expression LE expression
   29          | expression GT expression
   30          | expression GE expression

   31 expression: NUMBER
   32           | ID
   33           | LPAREN expression RPAREN
   34           | expression PLUS expression
   35           | expression MINUS expression
   36           | expression MULT expression
   37           | expression DIV expression


终结语词，附有它们出现处的规则

    $end (0) 0
    error (256)
    ID <id> (258) 10 11 20 23 32
    NUMBER <intVal> (259) 18 19 31
    STR <strVal> (260)
    VAR (261) 8 9
    IF (262) 21 22
    ELSE (263) 22
    FOR (264) 23
    WHILE (265) 24
    INT (266) 12 16
    DOUBLE (267) 13 17
    STRING (268) 14
    BOOL (269) 15
    ASSIGN (270) 9 20
    EQ (271) 25
    NE (272) 26
    LT (273) 27
    GT (274) 29
    LE (275) 28
    GE (276) 30
    COLON (277) 23
    COMMA (278) 11
    LBRACKET (279) 18 19
    RBRACKET (280) 18 19
    LPAREN (281) 21 22 24 33
    RPAREN (282) 21 22 24 33
    LBRACE (283) 21 22 23 24
    RBRACE (284) 21 22 23 24
    PLUS (285) 34
    MINUS (286) 35
    MULT (287) 36
    DIV (288) 37


非终结语词，附有它们出现处的规则

    $accept (34)
        on left: 0
    program (35)
        on left: 1
        on right: 0
    statement_list (36)
        on left: 2 3
        on right: 1 2 21 22 23 24
    statement (37)
        on left: 4 5 6 7
        on right: 2
    variable_declaration (38)
        on left: 8 9
        on right: 4
    id_list <id> (39)
        on left: 10 11
        on right: 8 9 11
    type <id> (40)
        on left: 12 13 14 15 16 17
        on right: 8 9
    array_dimensions <id> (41)
        on left: 18 19
        on right: 16 17 19
    assignment (42)
        on left: 20
        on right: 5
    if_statement (43)
        on left: 21 22
        on right: 6
    loop_statement (44)
        on left: 23 24
        on right: 7
    condition (45)
        on left: 25 26 27 28 29 30
        on right: 21 22 24
    expression <intVal> (46)
        on left: 31 32 33 34 35 36 37
        on right: 9 20 25 26 27 28 29 30 33 34 35 36 37


状态 0

    0 $accept: • program $end

    ID     偏移，并进入状态 1
    VAR    偏移，并进入状态 2
    IF     偏移，并进入状态 3
    FOR    偏移，并进入状态 4
    WHILE  偏移，并进入状态 5

    $default  使用规则 3 以归约 (statement_list)

    program               转到状态 6
    statement_list        转到状态 7
    statement             转到状态 8
    variable_declaration  转到状态 9
    assignment            转到状态 10
    if_statement          转到状态 11
    loop_statement        转到状态 12


状态 1

   20 assignment: ID • ASSIGN expression

    ASSIGN  偏移，并进入状态 13


状态 2

    8 variable_declaration: VAR • id_list type
    9                     | VAR • id_list type ASSIGN expression

    ID  偏移，并进入状态 14

    id_list  转到状态 15


状态 3

   21 if_statement: IF • LPAREN condition RPAREN LBRACE statement_list RBRACE
   22             | IF • LPAREN condition RPAREN LBRACE statement_list RBRACE ELSE LBRACE statement_list RBRACE

    LPAREN  偏移，并进入状态 16


状态 4

   23 loop_statement: FOR • ID COLON ID LBRACE statement_list RBRACE

    ID  偏移，并进入状态 17


状态 5

   24 loop_statement: WHILE • LPAREN condition RPAREN LBRACE statement_list RBRACE

    LPAREN  偏移，并进入状态 18


状态 6

    0 $accept: program • $end

    $end  偏移，并进入状态 19


状态 7

    1 program: statement_list •

    $default  使用规则 1 以归约 (program)


状态 8

    2 statement_list: statement • statement_list

    ID     偏移，并进入状态 1
    VAR    偏移，并进入状态 2
    IF     偏移，并进入状态 3
    FOR    偏移，并进入状态 4
    WHILE  偏移，并进入状态 5

    $default  使用规则 3 以归约 (statement_list)

    statement_list        转到状态 20
    statement             转到状态 8
    variable_declaration  转到状态 9
    assignment            转到状态 10
    if_statement          转到状态 11
    loop_statement        转到状态 12


状态 9

    4 statement: variable_declaration •

    $default  使用规则 4 以归约 (statement)


状态 10

    5 statement: assignment •

    $default  使用规则 5 以归约 (statement)


状态 11

    6 statement: if_statement •

    $default  使用规则 6 以归约 (statement)


状态 12

    7 statement: loop_statement •

    $default  使用规则 7 以归约 (statement)


状态 13

   20 assignment: ID ASSIGN • expression

    ID      偏移，并进入状态 21
    NUMBER  偏移，并进入状态 22
    LPAREN  偏移，并进入状态 23

    expression  转到状态 24


状态 14

   10 id_list: ID •
   11        | ID • COMMA id_list

    COMMA  偏移，并进入状态 25

    $default  使用规则 10 以归约 (id_list)


状态 15

    8 variable_declaration: VAR id_list • type
    9                     | VAR id_list • type ASSIGN expression

    INT     偏移，并进入状态 26
    DOUBLE  偏移，并进入状态 27
    STRING  偏移，并进入状态 28
    BOOL    偏移，并进入状态 29

    type  转到状态 30


状态 16

   21 if_statement: IF LPAREN • condition RPAREN LBRACE statement_list RBRACE
   22             | IF LPAREN • condition RPAREN LBRACE statement_list RBRACE ELSE LBRACE statement_list RBRACE

    ID      偏移，并进入状态 21
    NUMBER  偏移，并进入状态 22
    LPAREN  偏移，并进入状态 23

    condition   转到状态 31
    expression  转到状态 32


状态 17

   23 loop_statement: FOR ID • COLON ID LBRACE statement_list RBRACE

    COLON  偏移，并进入状态 33


状态 18

   24 loop_statement: WHILE LPAREN • condition RPAREN LBRACE statement_list RBRACE

    ID      偏移，并进入状态 21
    NUMBER  偏移，并进入状态 22
    LPAREN  偏移，并进入状态 23

    condition   转到状态 34
    expression  转到状态 32


状态 19

    0 $accept: program $end •

    $default  接受


状态 20

    2 statement_list: statement statement_list •

    $default  使用规则 2 以归约 (statement_list)


状态 21

   32 expression: ID •

    $default  使用规则 32 以归约 (expression)


状态 22

   31 expression: NUMBER •

    $default  使用规则 31 以归约 (expression)


状态 23

   33 expression: LPAREN • expression RPAREN

    ID      偏移，并进入状态 21
    NUMBER  偏移，并进入状态 22
    LPAREN  偏移，并进入状态 23

    expression  转到状态 35


状态 24

   20 assignment: ID ASSIGN expression •
   34 expression: expression • PLUS expression
   35           | expression • MINUS expression
   36           | expression • MULT expression
   37           | expression • DIV expression

    PLUS   偏移，并进入状态 36
    MINUS  偏移，并进入状态 37
    MULT   偏移，并进入状态 38
    DIV    偏移，并进入状态 39

    $default  使用规则 20 以归约 (assignment)


状态 25

   11 id_list: ID COMMA • id_list

    ID  偏移，并进入状态 14

    id_list  转到状态 40


状态 26

   12 type: INT •
   16     | INT • array_dimensions

    LBRACKET  偏移，并进入状态 41

    $default  使用规则 12 以归约 (type)

    array_dimensions  转到状态 42


状态 27

   13 type: DOUBLE •
   17     | DOUBLE • array_dimensions

    LBRACKET  偏移，并进入状态 41

    $default  使用规则 13 以归约 (type)

    array_dimensions  转到状态 43


状态 28

   14 type: STRING •

    $default  使用规则 14 以归约 (type)


状态 29

   15 type: BOOL •

    $default  使用规则 15 以归约 (type)


状态 30

    8 variable_declaration: VAR id_list type •
    9                     | VAR id_list type • ASSIGN expression

    ASSIGN  偏移，并进入状态 44

    $default  使用规则 8 以归约 (variable_declaration)


状态 31

   21 if_statement: IF LPAREN condition • RPAREN LBRACE statement_list RBRACE
   22             | IF LPAREN condition • RPAREN LBRACE statement_list RBRACE ELSE LBRACE statement_list RBRACE

    RPAREN  偏移，并进入状态 45


状态 32

   25 condition: expression • EQ expression
   26          | expression • NE expression
   27          | expression • LT expression
   28          | expression • LE expression
   29          | expression • GT expression
   30          | expression • GE expression
   34 expression: expression • PLUS expression
   35           | expression • MINUS expression
   36           | expression • MULT expression
   37           | expression • DIV expression

    EQ     偏移，并进入状态 46
    NE     偏移，并进入状态 47
    LT     偏移，并进入状态 48
    GT     偏移，并进入状态 49
    LE     偏移，并进入状态 50
    GE     偏移，并进入状态 51
    PLUS   偏移，并进入状态 36
    MINUS  偏移，并进入状态 37
    MULT   偏移，并进入状态 38
    DIV    偏移，并进入状态 39


状态 33

   23 loop_statement: FOR ID COLON • ID LBRACE statement_list RBRACE

    ID  偏移，并进入状态 52


状态 34

   24 loop_statement: WHILE LPAREN condition • RPAREN LBRACE statement_list RBRACE

    RPAREN  偏移，并进入状态 53


状态 35

   33 expression: LPAREN expression • RPAREN
   34           | expression • PLUS expression
   35           | expression • MINUS expression
   36           | expression • MULT expression
   37           | expression • DIV expression

    RPAREN  偏移，并进入状态 54
    PLUS    偏移，并进入状态 36
    MINUS   偏移，并进入状态 37
    MULT    偏移，并进入状态 38
    DIV     偏移，并进入状态 39


状态 36

   34 expression: expression PLUS • expression

    ID      偏移，并进入状态 21
    NUMBER  偏移，并进入状态 22
    LPAREN  偏移，并进入状态 23

    expression  转到状态 55


状态 37

   35 expression: expression MINUS • expression

    ID      偏移，并进入状态 21
    NUMBER  偏移，并进入状态 22
    LPAREN  偏移，并进入状态 23

    expression  转到状态 56


状态 38

   36 expression: expression MULT • expression

    ID      偏移，并进入状态 21
    NUMBER  偏移，并进入状态 22
    LPAREN  偏移，并进入状态 23

    expression  转到状态 57


状态 39

   37 expression: expression DIV • expression

    ID      偏移，并进入状态 21
    NUMBER  偏移，并进入状态 22
    LPAREN  偏移，并进入状态 23

    expression  转到状态 58


状态 40

   11 id_list: ID COMMA id_list •

    $default  使用规则 11 以归约 (id_list)


状态 41

   18 array_dimensions: LBRACKET • NUMBER RBRACKET
   19                 | LBRACKET • NUMBER RBRACKET array_dimensions

    NUMBER  偏移，并进入状态 59


状态 42

   16 type: INT array_dimensions •

    $default  使用规则 16 以归约 (type)


状态 43

   17 type: DOUBLE array_dimensions •

    $default  使用规则 17 以归约 (type)


状态 44

    9 variable_declaration: VAR id_list type ASSIGN • expression

    ID      偏移，并进入状态 21
    NUMBER  偏移，并进入状态 22
    LPAREN  偏移，并进入状态 23

    expression  转到状态 60


状态 45

   21 if_statement: IF LPAREN condition RPAREN • LBRACE statement_list RBRACE
   22             | IF LPAREN condition RPAREN • LBRACE statement_list RBRACE ELSE LBRACE statement_list RBRACE

    LBRACE  偏移，并进入状态 61


状态 46

   25 condition: expression EQ • expression

    ID      偏移，并进入状态 21
    NUMBER  偏移，并进入状态 22
    LPAREN  偏移，并进入状态 23

    expression  转到状态 62


状态 47

   26 condition: expression NE • expression

    ID      偏移，并进入状态 21
    NUMBER  偏移，并进入状态 22
    LPAREN  偏移，并进入状态 23

    expression  转到状态 63


状态 48

   27 condition: expression LT • expression

    ID      偏移，并进入状态 21
    NUMBER  偏移，并进入状态 22
    LPAREN  偏移，并进入状态 23

    expression  转到状态 64


状态 49

   29 condition: expression GT • expression

    ID      偏移，并进入状态 21
    NUMBER  偏移，并进入状态 22
    LPAREN  偏移，并进入状态 23

    expression  转到状态 65


状态 50

   28 condition: expression LE • expression

    ID      偏移，并进入状态 21
    NUMBER  偏移，并进入状态 22
    LPAREN  偏移，并进入状态 23

    expression  转到状态 66


状态 51

   30 condition: expression GE • expression

    ID      偏移，并进入状态 21
    NUMBER  偏移，并进入状态 22
    LPAREN  偏移，并进入状态 23

    expression  转到状态 67


状态 52

   23 loop_statement: FOR ID COLON ID • LBRACE statement_list RBRACE

    LBRACE  偏移，并进入状态 68


状态 53

   24 loop_statement: WHILE LPAREN condition RPAREN • LBRACE statement_list RBRACE

    LBRACE  偏移，并进入状态 69


状态 54

   33 expression: LPAREN expression RPAREN •

    $default  使用规则 33 以归约 (expression)


状态 55

   34 expression: expression • PLUS expression
   34           | expression PLUS expression •
   35           | expression • MINUS expression
   36           | expression • MULT expression
   37           | expression • DIV expression

    MULT  偏移，并进入状态 38
    DIV   偏移，并进入状态 39

    $default  使用规则 34 以归约 (expression)


状态 56

   34 expression: expression • PLUS expression
   35           | expression • MINUS expression
   35           | expression MINUS expression •
   36           | expression • MULT expression
   37           | expression • DIV expression

    MULT  偏移，并进入状态 38
    DIV   偏移，并进入状态 39

    $default  使用规则 35 以归约 (expression)


状态 57

   34 expression: expression • PLUS expression
   35           | expression • MINUS expression
   36           | expression • MULT expression
   36           | expression MULT expression •
   37           | expression • DIV expression

    $default  使用规则 36 以归约 (expression)


状态 58

   34 expression: expression • PLUS expression
   35           | expression • MINUS expression
   36           | expression • MULT expression
   37           | expression • DIV expression
   37           | expression DIV expression •

    $default  使用规则 37 以归约 (expression)


状态 59

   18 array_dimensions: LBRACKET NUMBER • RBRACKET
   19                 | LBRACKET NUMBER • RBRACKET array_dimensions

    RBRACKET  偏移，并进入状态 70


状态 60

    9 variable_declaration: VAR id_list type ASSIGN expression •
   34 expression: expression • PLUS expression
   35           | expression • MINUS expression
   36           | expression • MULT expression
   37           | expression • DIV expression

    PLUS   偏移，并进入状态 36
    MINUS  偏移，并进入状态 37
    MULT   偏移，并进入状态 38
    DIV    偏移，并进入状态 39

    $default  使用规则 9 以归约 (variable_declaration)


状态 61

   21 if_statement: IF LPAREN condition RPAREN LBRACE • statement_list RBRACE
   22             | IF LPAREN condition RPAREN LBRACE • statement_list RBRACE ELSE LBRACE statement_list RBRACE

    ID     偏移，并进入状态 1
    VAR    偏移，并进入状态 2
    IF     偏移，并进入状态 3
    FOR    偏移，并进入状态 4
    WHILE  偏移，并进入状态 5

    $default  使用规则 3 以归约 (statement_list)

    statement_list        转到状态 71
    statement             转到状态 8
    variable_declaration  转到状态 9
    assignment            转到状态 10
    if_statement          转到状态 11
    loop_statement        转到状态 12


状态 62

   25 condition: expression EQ expression •
   34 expression: expression • PLUS expression
   35           | expression • MINUS expression
   36           | expression • MULT expression
   37           | expression • DIV expression

    PLUS   偏移，并进入状态 36
    MINUS  偏移，并进入状态 37
    MULT   偏移，并进入状态 38
    DIV    偏移，并进入状态 39

    $default  使用规则 25 以归约 (condition)


状态 63

   26 condition: expression NE expression •
   34 expression: expression • PLUS expression
   35           | expression • MINUS expression
   36           | expression • MULT expression
   37           | expression • DIV expression

    PLUS   偏移，并进入状态 36
    MINUS  偏移，并进入状态 37
    MULT   偏移，并进入状态 38
    DIV    偏移，并进入状态 39

    $default  使用规则 26 以归约 (condition)


状态 64

   27 condition: expression LT expression •
   34 expression: expression • PLUS expression
   35           | expression • MINUS expression
   36           | expression • MULT expression
   37           | expression • DIV expression

    PLUS   偏移，并进入状态 36
    MINUS  偏移，并进入状态 37
    MULT   偏移，并进入状态 38
    DIV    偏移，并进入状态 39

    $default  使用规则 27 以归约 (condition)


状态 65

   29 condition: expression GT expression •
   34 expression: expression • PLUS expression
   35           | expression • MINUS expression
   36           | expression • MULT expression
   37           | expression • DIV expression

    PLUS   偏移，并进入状态 36
    MINUS  偏移，并进入状态 37
    MULT   偏移，并进入状态 38
    DIV    偏移，并进入状态 39

    $default  使用规则 29 以归约 (condition)


状态 66

   28 condition: expression LE expression •
   34 expression: expression • PLUS expression
   35           | expression • MINUS expression
   36           | expression • MULT expression
   37           | expression • DIV expression

    PLUS   偏移，并进入状态 36
    MINUS  偏移，并进入状态 37
    MULT   偏移，并进入状态 38
    DIV    偏移，并进入状态 39

    $default  使用规则 28 以归约 (condition)


状态 67

   30 condition: expression GE expression •
   34 expression: expression • PLUS expression
   35           | expression • MINUS expression
   36           | expression • MULT expression
   37           | expression • DIV expression

    PLUS   偏移，并进入状态 36
    MINUS  偏移，并进入状态 37
    MULT   偏移，并进入状态 38
    DIV    偏移，并进入状态 39

    $default  使用规则 30 以归约 (condition)


状态 68

   23 loop_statement: FOR ID COLON ID LBRACE • statement_list RBRACE

    ID     偏移，并进入状态 1
    VAR    偏移，并进入状态 2
    IF     偏移，并进入状态 3
    FOR    偏移，并进入状态 4
    WHILE  偏移，并进入状态 5

    $default  使用规则 3 以归约 (statement_list)

    statement_list        转到状态 72
    statement             转到状态 8
    variable_declaration  转到状态 9
    assignment            转到状态 10
    if_statement          转到状态 11
    loop_statement        转到状态 12


状态 69

   24 loop_statement: WHILE LPAREN condition RPAREN LBRACE • statement_list RBRACE

    ID     偏移，并进入状态 1
    VAR    偏移，并进入状态 2
    IF     偏移，并进入状态 3
    FOR    偏移，并进入状态 4
    WHILE  偏移，并进入状态 5

    $default  使用规则 3 以归约 (statement_list)

    statement_list        转到状态 73
    statement             转到状态 8
    variable_declaration  转到状态 9
    assignment            转到状态 10
    if_statement          转到状态 11
    loop_statement        转到状态 12


状态 70

   18 array_dimensions: LBRACKET NUMBER RBRACKET •
   19                 | LBRACKET NUMBER RBRACKET • array_dimensions

    LBRACKET  偏移，并进入状态 41

    $default  使用规则 18 以归约 (array_dimensions)

    array_dimensions  转到状态 74


状态 71

   21 if_statement: IF LPAREN condition RPAREN LBRACE statement_list • RBRACE
   22             | IF LPAREN condition RPAREN LBRACE statement_list • RBRACE ELSE LBRACE statement_list RBRACE

    RBRACE  偏移，并进入状态 75


状态 72

   23 loop_statement: FOR ID COLON ID LBRACE statement_list • RBRACE

    RBRACE  偏移，并进入状态 76


状态 73

   24 loop_statement: WHILE LPAREN condition RPAREN LBRACE statement_list • RBRACE

    RBRACE  偏移，并进入状态 77


状态 74

   19 array_dimensions: LBRACKET NUMBER RBRACKET array_dimensions •

    $default  使用规则 19 以归约 (array_dimensions)


状态 75

   21 if_statement: IF LPAREN condition RPAREN LBRACE statement_list RBRACE •
   22             | IF LPAREN condition RPAREN LBRACE statement_list RBRACE • ELSE LBRACE statement_list RBRACE

    ELSE  偏移，并进入状态 78

    $default  使用规则 21 以归约 (if_statement)


状态 76

   23 loop_statement: FOR ID COLON ID LBRACE statement_list RBRACE •

    $default  使用规则 23 以归约 (loop_statement)


状态 77

   24 loop_statement: WHILE LPAREN condition RPAREN LBRACE statement_list RBRACE •

    $default  使用规则 24 以归约 (loop_statement)


状态 78

   22 if_statement: IF LPAREN condition RPAREN LBRACE statement_list RBRACE ELSE • LBRACE statement_list RBRACE

    LBRACE  偏移，并进入状态 79


状态 79

   22 if_statement: IF LPAREN condition RPAREN LBRACE statement_list RBRACE ELSE LBRACE • statement_list RBRACE

    ID     偏移，并进入状态 1
    VAR    偏移，并进入状态 2
    IF     偏移，并进入状态 3
    FOR    偏移，并进入状态 4
    WHILE  偏移，并进入状态 5

    $default  使用规则 3 以归约 (statement_list)

    statement_list        转到状态 80
    statement             转到状态 8
    variable_declaration  转到状态 9
    assignment            转到状态 10
    if_statement          转到状态 11
    loop_statement        转到状态 12


状态 80

   22 if_statement: IF LPAREN condition RPAREN LBRACE statement_list RBRACE ELSE LBRACE statement_list • RBRACE

    RBRACE  偏移，并进入状态 81


状态 81

   22 if_statement: IF LPAREN condition RPAREN LBRACE statement_list RBRACE ELSE LBRACE statement_list RBRACE •

    $default  使用规则 22 以归约 (if_statement)
