终端机在文法中未使用

    STR


语法

    0 $accept: program $end

    1 program: statement_list

    2 statement_list: statement statement_list
    3               | ε

    4 statement: variable_declaration
    5          | assignment
    6          | if_statement
    7          | loop_statement

    8 variable_declaration: VAR id_list type
    9                     | VAR id_list type ASSIGN expression

   10 id_list: ID
   11        | ID COMMA id_list

   12 type: INT
   13     | DOUBLE
   14     | STRING
   15     | BOOL
   16     | INT array_dimensions
   17     | DOUBLE array_dimensions

   18 array_dimensions: LBRACKET NUMBER RBRACKET
   19                 | LBRACKET NUMBER RBRACKET array_dimensions

   20 assignment: ID ASSIGN expression

   21 if_statement: IF LPAREN condition RPAREN LBRACE statement_list RBRACE
   22             | IF LPAREN condition RPAREN LBRACE statement_list RBRACE ELSE LBRACE statement_list RBRACE

   23 loop_statement: FOR LPAREN condition RPAREN LBRACE statement_list RBRACE
   24               | FOR ID COLON ID LBRACE statement_list RBRACE
   25               | WHILE LPAREN condition RPAREN LBRACE statement_list RBRACE

   26 condition: expression EQ expression
   27          | expression NE expression
   28          | expression LT expression
   29          | expression LE expression
   30          | expression GT expression
   31          | expression GE expression

   32 expression: NUMBER
   33           | ID
   34           | LPAREN expression RPAREN
   35           | expression PLUS expression
   36           | expression MINUS expression
   37           | expression MULT expression
   38           | expression DIV expression


终结语词，附有它们出现处的规则

    $end (0) 0
    error (256)
    ID <id> (258) 10 11 20 24 33
    NUMBER <intVal> (259) 18 19 32
    STR <strVal> (260)
    VAR (261) 8 9
    IF (262) 21 22
    ELSE (263) 22
    FOR (264) 23 24
    WHILE (265) 25
    INT (266) 12 16
    DOUBLE (267) 13 17
    STRING (268) 14
    BOOL (269) 15
    ASSIGN (270) 9 20
    EQ (271) 26
    NE (272) 27
    LT (273) 28
    GT (274) 30
    LE (275) 29
    GE (276) 31
    COLON (277) 24
    COMMA (278) 11
    LBRACKET (279) 18 19
    RBRACKET (280) 18 19
    LPAREN (281) 21 22 23 25 34
    RPAREN (282) 21 22 23 25 34
    LBRACE (283) 21 22 23 24 25
    RBRACE (284) 21 22 23 24 25
    PLUS (285) 35
    MINUS (286) 36
    MULT (287) 37
    DIV (288) 38


非终结语词，附有它们出现处的规则

    $accept (34)
        on left: 0
    program (35)
        on left: 1
        on right: 0
    statement_list <stmt> (36)
        on left: 2 3
        on right: 1 2 21 22 23 24 25
    statement <stmt> (37)
        on left: 4 5 6 7
        on right: 2
    variable_declaration (38)
        on left: 8 9
        on right: 4
    id_list <id> (39)
        on left: 10 11
        on right: 8 9 11
    type <id> (40)
        on left: 12 13 14 15 16 17
        on right: 8 9
    array_dimensions <id> (41)
        on left: 18 19
        on right: 16 17 19
    assignment (42)
        on left: 20
        on right: 5
    if_statement (43)
        on left: 21 22
        on right: 6
    loop_statement (44)
        on left: 23 24 25
        on right: 7
    condition <intVal> (45)
        on left: 26 27 28 29 30 31
        on right: 21 22 23 25
    expression <intVal> (46)
        on left: 32 33 34 35 36 37 38
        on right: 9 20 26 27 28 29 30 31 34 35 36 37 38


状态 0

    0 $accept: • program $end

    ID     偏移，并进入状态 1
    VAR    偏移，并进入状态 2
    IF     偏移，并进入状态 3
    FOR    偏移，并进入状态 4
    WHILE  偏移，并进入状态 5

    $default  使用规则 3 以归约 (statement_list)

    program               转到状态 6
    statement_list        转到状态 7
    statement             转到状态 8
    variable_declaration  转到状态 9
    assignment            转到状态 10
    if_statement          转到状态 11
    loop_statement        转到状态 12


状态 1

   20 assignment: ID • ASSIGN expression

    ASSIGN  偏移，并进入状态 13


状态 2

    8 variable_declaration: VAR • id_list type
    9                     | VAR • id_list type ASSIGN expression

    ID  偏移，并进入状态 14

    id_list  转到状态 15


状态 3

   21 if_statement: IF • LPAREN condition RPAREN LBRACE statement_list RBRACE
   22             | IF • LPAREN condition RPAREN LBRACE statement_list RBRACE ELSE LBRACE statement_list RBRACE

    LPAREN  偏移，并进入状态 16


状态 4

   23 loop_statement: FOR • LPAREN condition RPAREN LBRACE statement_list RBRACE
   24               | FOR • ID COLON ID LBRACE statement_list RBRACE

    ID      偏移，并进入状态 17
    LPAREN  偏移，并进入状态 18


状态 5

   25 loop_statement: WHILE • LPAREN condition RPAREN LBRACE statement_list RBRACE

    LPAREN  偏移，并进入状态 19


状态 6

    0 $accept: program • $end

    $end  偏移，并进入状态 20


状态 7

    1 program: statement_list •

    $default  使用规则 1 以归约 (program)


状态 8

    2 statement_list: statement • statement_list

    ID     偏移，并进入状态 1
    VAR    偏移，并进入状态 2
    IF     偏移，并进入状态 3
    FOR    偏移，并进入状态 4
    WHILE  偏移，并进入状态 5

    $default  使用规则 3 以归约 (statement_list)

    statement_list        转到状态 21
    statement             转到状态 8
    variable_declaration  转到状态 9
    assignment            转到状态 10
    if_statement          转到状态 11
    loop_statement        转到状态 12


状态 9

    4 statement: variable_declaration •

    $default  使用规则 4 以归约 (statement)


状态 10

    5 statement: assignment •

    $default  使用规则 5 以归约 (statement)


状态 11

    6 statement: if_statement •

    $default  使用规则 6 以归约 (statement)


状态 12

    7 statement: loop_statement •

    $default  使用规则 7 以归约 (statement)


状态 13

   20 assignment: ID ASSIGN • expression

    ID      偏移，并进入状态 22
    NUMBER  偏移，并进入状态 23
    LPAREN  偏移，并进入状态 24

    expression  转到状态 25


状态 14

   10 id_list: ID •
   11        | ID • COMMA id_list

    COMMA  偏移，并进入状态 26

    $default  使用规则 10 以归约 (id_list)


状态 15

    8 variable_declaration: VAR id_list • type
    9                     | VAR id_list • type ASSIGN expression

    INT     偏移，并进入状态 27
    DOUBLE  偏移，并进入状态 28
    STRING  偏移，并进入状态 29
    BOOL    偏移，并进入状态 30

    type  转到状态 31


状态 16

   21 if_statement: IF LPAREN • condition RPAREN LBRACE statement_list RBRACE
   22             | IF LPAREN • condition RPAREN LBRACE statement_list RBRACE ELSE LBRACE statement_list RBRACE

    ID      偏移，并进入状态 22
    NUMBER  偏移，并进入状态 23
    LPAREN  偏移，并进入状态 24

    condition   转到状态 32
    expression  转到状态 33


状态 17

   24 loop_statement: FOR ID • COLON ID LBRACE statement_list RBRACE

    COLON  偏移，并进入状态 34


状态 18

   23 loop_statement: FOR LPAREN • condition RPAREN LBRACE statement_list RBRACE

    ID      偏移，并进入状态 22
    NUMBER  偏移，并进入状态 23
    LPAREN  偏移，并进入状态 24

    condition   转到状态 35
    expression  转到状态 33


状态 19

   25 loop_statement: WHILE LPAREN • condition RPAREN LBRACE statement_list RBRACE

    ID      偏移，并进入状态 22
    NUMBER  偏移，并进入状态 23
    LPAREN  偏移，并进入状态 24

    condition   转到状态 36
    expression  转到状态 33


状态 20

    0 $accept: program $end •

    $default  接受


状态 21

    2 statement_list: statement statement_list •

    $default  使用规则 2 以归约 (statement_list)


状态 22

   33 expression: ID •

    $default  使用规则 33 以归约 (expression)


状态 23

   32 expression: NUMBER •

    $default  使用规则 32 以归约 (expression)


状态 24

   34 expression: LPAREN • expression RPAREN

    ID      偏移，并进入状态 22
    NUMBER  偏移，并进入状态 23
    LPAREN  偏移，并进入状态 24

    expression  转到状态 37


状态 25

   20 assignment: ID ASSIGN expression •
   35 expression: expression • PLUS expression
   36           | expression • MINUS expression
   37           | expression • MULT expression
   38           | expression • DIV expression

    PLUS   偏移，并进入状态 38
    MINUS  偏移，并进入状态 39
    MULT   偏移，并进入状态 40
    DIV    偏移，并进入状态 41

    $default  使用规则 20 以归约 (assignment)


状态 26

   11 id_list: ID COMMA • id_list

    ID  偏移，并进入状态 14

    id_list  转到状态 42


状态 27

   12 type: INT •
   16     | INT • array_dimensions

    LBRACKET  偏移，并进入状态 43

    $default  使用规则 12 以归约 (type)

    array_dimensions  转到状态 44


状态 28

   13 type: DOUBLE •
   17     | DOUBLE • array_dimensions

    LBRACKET  偏移，并进入状态 43

    $default  使用规则 13 以归约 (type)

    array_dimensions  转到状态 45


状态 29

   14 type: STRING •

    $default  使用规则 14 以归约 (type)


状态 30

   15 type: BOOL •

    $default  使用规则 15 以归约 (type)


状态 31

    8 variable_declaration: VAR id_list type •
    9                     | VAR id_list type • ASSIGN expression

    ASSIGN  偏移，并进入状态 46

    $default  使用规则 8 以归约 (variable_declaration)


状态 32

   21 if_statement: IF LPAREN condition • RPAREN LBRACE statement_list RBRACE
   22             | IF LPAREN condition • RPAREN LBRACE statement_list RBRACE ELSE LBRACE statement_list RBRACE

    RPAREN  偏移，并进入状态 47


状态 33

   26 condition: expression • EQ expression
   27          | expression • NE expression
   28          | expression • LT expression
   29          | expression • LE expression
   30          | expression • GT expression
   31          | expression • GE expression
   35 expression: expression • PLUS expression
   36           | expression • MINUS expression
   37           | expression • MULT expression
   38           | expression • DIV expression

    EQ     偏移，并进入状态 48
    NE     偏移，并进入状态 49
    LT     偏移，并进入状态 50
    GT     偏移，并进入状态 51
    LE     偏移，并进入状态 52
    GE     偏移，并进入状态 53
    PLUS   偏移，并进入状态 38
    MINUS  偏移，并进入状态 39
    MULT   偏移，并进入状态 40
    DIV    偏移，并进入状态 41


状态 34

   24 loop_statement: FOR ID COLON • ID LBRACE statement_list RBRACE

    ID  偏移，并进入状态 54


状态 35

   23 loop_statement: FOR LPAREN condition • RPAREN LBRACE statement_list RBRACE

    RPAREN  偏移，并进入状态 55


状态 36

   25 loop_statement: WHILE LPAREN condition • RPAREN LBRACE statement_list RBRACE

    RPAREN  偏移，并进入状态 56


状态 37

   34 expression: LPAREN expression • RPAREN
   35           | expression • PLUS expression
   36           | expression • MINUS expression
   37           | expression • MULT expression
   38           | expression • DIV expression

    RPAREN  偏移，并进入状态 57
    PLUS    偏移，并进入状态 38
    MINUS   偏移，并进入状态 39
    MULT    偏移，并进入状态 40
    DIV     偏移，并进入状态 41


状态 38

   35 expression: expression PLUS • expression

    ID      偏移，并进入状态 22
    NUMBER  偏移，并进入状态 23
    LPAREN  偏移，并进入状态 24

    expression  转到状态 58


状态 39

   36 expression: expression MINUS • expression

    ID      偏移，并进入状态 22
    NUMBER  偏移，并进入状态 23
    LPAREN  偏移，并进入状态 24

    expression  转到状态 59


状态 40

   37 expression: expression MULT • expression

    ID      偏移，并进入状态 22
    NUMBER  偏移，并进入状态 23
    LPAREN  偏移，并进入状态 24

    expression  转到状态 60


状态 41

   38 expression: expression DIV • expression

    ID      偏移，并进入状态 22
    NUMBER  偏移，并进入状态 23
    LPAREN  偏移，并进入状态 24

    expression  转到状态 61


状态 42

   11 id_list: ID COMMA id_list •

    $default  使用规则 11 以归约 (id_list)


状态 43

   18 array_dimensions: LBRACKET • NUMBER RBRACKET
   19                 | LBRACKET • NUMBER RBRACKET array_dimensions

    NUMBER  偏移，并进入状态 62


状态 44

   16 type: INT array_dimensions •

    $default  使用规则 16 以归约 (type)


状态 45

   17 type: DOUBLE array_dimensions •

    $default  使用规则 17 以归约 (type)


状态 46

    9 variable_declaration: VAR id_list type ASSIGN • expression

    ID      偏移，并进入状态 22
    NUMBER  偏移，并进入状态 23
    LPAREN  偏移，并进入状态 24

    expression  转到状态 63


状态 47

   21 if_statement: IF LPAREN condition RPAREN • LBRACE statement_list RBRACE
   22             | IF LPAREN condition RPAREN • LBRACE statement_list RBRACE ELSE LBRACE statement_list RBRACE

    LBRACE  偏移，并进入状态 64


状态 48

   26 condition: expression EQ • expression

    ID      偏移，并进入状态 22
    NUMBER  偏移，并进入状态 23
    LPAREN  偏移，并进入状态 24

    expression  转到状态 65


状态 49

   27 condition: expression NE • expression

    ID      偏移，并进入状态 22
    NUMBER  偏移，并进入状态 23
    LPAREN  偏移，并进入状态 24

    expression  转到状态 66


状态 50

   28 condition: expression LT • expression

    ID      偏移，并进入状态 22
    NUMBER  偏移，并进入状态 23
    LPAREN  偏移，并进入状态 24

    expression  转到状态 67


状态 51

   30 condition: expression GT • expression

    ID      偏移，并进入状态 22
    NUMBER  偏移，并进入状态 23
    LPAREN  偏移，并进入状态 24

    expression  转到状态 68


状态 52

   29 condition: expression LE • expression

    ID      偏移，并进入状态 22
    NUMBER  偏移，并进入状态 23
    LPAREN  偏移，并进入状态 24

    expression  转到状态 69


状态 53

   31 condition: expression GE • expression

    ID      偏移，并进入状态 22
    NUMBER  偏移，并进入状态 23
    LPAREN  偏移，并进入状态 24

    expression  转到状态 70


状态 54

   24 loop_statement: FOR ID COLON ID • LBRACE statement_list RBRACE

    LBRACE  偏移，并进入状态 71


状态 55

   23 loop_statement: FOR LPAREN condition RPAREN • LBRACE statement_list RBRACE

    LBRACE  偏移，并进入状态 72


状态 56

   25 loop_statement: WHILE LPAREN condition RPAREN • LBRACE statement_list RBRACE

    LBRACE  偏移，并进入状态 73


状态 57

   34 expression: LPAREN expression RPAREN •

    $default  使用规则 34 以归约 (expression)


状态 58

   35 expression: expression • PLUS expression
   35           | expression PLUS expression •
   36           | expression • MINUS expression
   37           | expression • MULT expression
   38           | expression • DIV expression

    MULT  偏移，并进入状态 40
    DIV   偏移，并进入状态 41

    $default  使用规则 35 以归约 (expression)


状态 59

   35 expression: expression • PLUS expression
   36           | expression • MINUS expression
   36           | expression MINUS expression •
   37           | expression • MULT expression
   38           | expression • DIV expression

    MULT  偏移，并进入状态 40
    DIV   偏移，并进入状态 41

    $default  使用规则 36 以归约 (expression)


状态 60

   35 expression: expression • PLUS expression
   36           | expression • MINUS expression
   37           | expression • MULT expression
   37           | expression MULT expression •
   38           | expression • DIV expression

    $default  使用规则 37 以归约 (expression)


状态 61

   35 expression: expression • PLUS expression
   36           | expression • MINUS expression
   37           | expression • MULT expression
   38           | expression • DIV expression
   38           | expression DIV expression •

    $default  使用规则 38 以归约 (expression)


状态 62

   18 array_dimensions: LBRACKET NUMBER • RBRACKET
   19                 | LBRACKET NUMBER • RBRACKET array_dimensions

    RBRACKET  偏移，并进入状态 74


状态 63

    9 variable_declaration: VAR id_list type ASSIGN expression •
   35 expression: expression • PLUS expression
   36           | expression • MINUS expression
   37           | expression • MULT expression
   38           | expression • DIV expression

    PLUS   偏移，并进入状态 38
    MINUS  偏移，并进入状态 39
    MULT   偏移，并进入状态 40
    DIV    偏移，并进入状态 41

    $default  使用规则 9 以归约 (variable_declaration)


状态 64

   21 if_statement: IF LPAREN condition RPAREN LBRACE • statement_list RBRACE
   22             | IF LPAREN condition RPAREN LBRACE • statement_list RBRACE ELSE LBRACE statement_list RBRACE

    ID     偏移，并进入状态 1
    VAR    偏移，并进入状态 2
    IF     偏移，并进入状态 3
    FOR    偏移，并进入状态 4
    WHILE  偏移，并进入状态 5

    $default  使用规则 3 以归约 (statement_list)

    statement_list        转到状态 75
    statement             转到状态 8
    variable_declaration  转到状态 9
    assignment            转到状态 10
    if_statement          转到状态 11
    loop_statement        转到状态 12


状态 65

   26 condition: expression EQ expression •
   35 expression: expression • PLUS expression
   36           | expression • MINUS expression
   37           | expression • MULT expression
   38           | expression • DIV expression

    PLUS   偏移，并进入状态 38
    MINUS  偏移，并进入状态 39
    MULT   偏移，并进入状态 40
    DIV    偏移，并进入状态 41

    $default  使用规则 26 以归约 (condition)


状态 66

   27 condition: expression NE expression •
   35 expression: expression • PLUS expression
   36           | expression • MINUS expression
   37           | expression • MULT expression
   38           | expression • DIV expression

    PLUS   偏移，并进入状态 38
    MINUS  偏移，并进入状态 39
    MULT   偏移，并进入状态 40
    DIV    偏移，并进入状态 41

    $default  使用规则 27 以归约 (condition)


状态 67

   28 condition: expression LT expression •
   35 expression: expression • PLUS expression
   36           | expression • MINUS expression
   37           | expression • MULT expression
   38           | expression • DIV expression

    PLUS   偏移，并进入状态 38
    MINUS  偏移，并进入状态 39
    MULT   偏移，并进入状态 40
    DIV    偏移，并进入状态 41

    $default  使用规则 28 以归约 (condition)


状态 68

   30 condition: expression GT expression •
   35 expression: expression • PLUS expression
   36           | expression • MINUS expression
   37           | expression • MULT expression
   38           | expression • DIV expression

    PLUS   偏移，并进入状态 38
    MINUS  偏移，并进入状态 39
    MULT   偏移，并进入状态 40
    DIV    偏移，并进入状态 41

    $default  使用规则 30 以归约 (condition)


状态 69

   29 condition: expression LE expression •
   35 expression: expression • PLUS expression
   36           | expression • MINUS expression
   37           | expression • MULT expression
   38           | expression • DIV expression

    PLUS   偏移，并进入状态 38
    MINUS  偏移，并进入状态 39
    MULT   偏移，并进入状态 40
    DIV    偏移，并进入状态 41

    $default  使用规则 29 以归约 (condition)


状态 70

   31 condition: expression GE expression •
   35 expression: expression • PLUS expression
   36           | expression • MINUS expression
   37           | expression • MULT expression
   38           | expression • DIV expression

    PLUS   偏移，并进入状态 38
    MINUS  偏移，并进入状态 39
    MULT   偏移，并进入状态 40
    DIV    偏移，并进入状态 41

    $default  使用规则 31 以归约 (condition)


状态 71

   24 loop_statement: FOR ID COLON ID LBRACE • statement_list RBRACE

    ID     偏移，并进入状态 1
    VAR    偏移，并进入状态 2
    IF     偏移，并进入状态 3
    FOR    偏移，并进入状态 4
    WHILE  偏移，并进入状态 5

    $default  使用规则 3 以归约 (statement_list)

    statement_list        转到状态 76
    statement             转到状态 8
    variable_declaration  转到状态 9
    assignment            转到状态 10
    if_statement          转到状态 11
    loop_statement        转到状态 12


状态 72

   23 loop_statement: FOR LPAREN condition RPAREN LBRACE • statement_list RBRACE

    ID     偏移，并进入状态 1
    VAR    偏移，并进入状态 2
    IF     偏移，并进入状态 3
    FOR    偏移，并进入状态 4
    WHILE  偏移，并进入状态 5

    $default  使用规则 3 以归约 (statement_list)

    statement_list        转到状态 77
    statement             转到状态 8
    variable_declaration  转到状态 9
    assignment            转到状态 10
    if_statement          转到状态 11
    loop_statement        转到状态 12


状态 73

   25 loop_statement: WHILE LPAREN condition RPAREN LBRACE • statement_list RBRACE

    ID     偏移，并进入状态 1
    VAR    偏移，并进入状态 2
    IF     偏移，并进入状态 3
    FOR    偏移，并进入状态 4
    WHILE  偏移，并进入状态 5

    $default  使用规则 3 以归约 (statement_list)

    statement_list        转到状态 78
    statement             转到状态 8
    variable_declaration  转到状态 9
    assignment            转到状态 10
    if_statement          转到状态 11
    loop_statement        转到状态 12


状态 74

   18 array_dimensions: LBRACKET NUMBER RBRACKET •
   19                 | LBRACKET NUMBER RBRACKET • array_dimensions

    LBRACKET  偏移，并进入状态 43

    $default  使用规则 18 以归约 (array_dimensions)

    array_dimensions  转到状态 79


状态 75

   21 if_statement: IF LPAREN condition RPAREN LBRACE statement_list • RBRACE
   22             | IF LPAREN condition RPAREN LBRACE statement_list • RBRACE ELSE LBRACE statement_list RBRACE

    RBRACE  偏移，并进入状态 80


状态 76

   24 loop_statement: FOR ID COLON ID LBRACE statement_list • RBRACE

    RBRACE  偏移，并进入状态 81


状态 77

   23 loop_statement: FOR LPAREN condition RPAREN LBRACE statement_list • RBRACE

    RBRACE  偏移，并进入状态 82


状态 78

   25 loop_statement: WHILE LPAREN condition RPAREN LBRACE statement_list • RBRACE

    RBRACE  偏移，并进入状态 83


状态 79

   19 array_dimensions: LBRACKET NUMBER RBRACKET array_dimensions •

    $default  使用规则 19 以归约 (array_dimensions)


状态 80

   21 if_statement: IF LPAREN condition RPAREN LBRACE statement_list RBRACE •
   22             | IF LPAREN condition RPAREN LBRACE statement_list RBRACE • ELSE LBRACE statement_list RBRACE

    ELSE  偏移，并进入状态 84

    $default  使用规则 21 以归约 (if_statement)


状态 81

   24 loop_statement: FOR ID COLON ID LBRACE statement_list RBRACE •

    $default  使用规则 24 以归约 (loop_statement)


状态 82

   23 loop_statement: FOR LPAREN condition RPAREN LBRACE statement_list RBRACE •

    $default  使用规则 23 以归约 (loop_statement)


状态 83

   25 loop_statement: WHILE LPAREN condition RPAREN LBRACE statement_list RBRACE •

    $default  使用规则 25 以归约 (loop_statement)


状态 84

   22 if_statement: IF LPAREN condition RPAREN LBRACE statement_list RBRACE ELSE • LBRACE statement_list RBRACE

    LBRACE  偏移，并进入状态 85


状态 85

   22 if_statement: IF LPAREN condition RPAREN LBRACE statement_list RBRACE ELSE LBRACE • statement_list RBRACE

    ID     偏移，并进入状态 1
    VAR    偏移，并进入状态 2
    IF     偏移，并进入状态 3
    FOR    偏移，并进入状态 4
    WHILE  偏移，并进入状态 5

    $default  使用规则 3 以归约 (statement_list)

    statement_list        转到状态 86
    statement             转到状态 8
    variable_declaration  转到状态 9
    assignment            转到状态 10
    if_statement          转到状态 11
    loop_statement        转到状态 12


状态 86

   22 if_statement: IF LPAREN condition RPAREN LBRACE statement_list RBRACE ELSE LBRACE statement_list • RBRACE

    RBRACE  偏移，并进入状态 87


状态 87

   22 if_statement: IF LPAREN condition RPAREN LBRACE statement_list RBRACE ELSE LBRACE statement_list RBRACE •

    $default  使用规则 22 以归约 (if_statement)
